<?xml version="1.0" encoding="UTF-8"?>

<beans xmlns="http://www.springframework.org/schema/beans" 
    xmlns:xsi="http://www.w3.org/2001/XMLSchema-instance" 
    xmlns:context="http://www.springframework.org/schema/context"
	xsi:schemaLocation="http://www.springframework.org/schema/beans
    http://www.springframework.org/schema/beans/spring-beans.xsd
    http://www.springframework.org/schema/context
    http://www.springframework.org/schema/context/spring-context.xsd">

	<context:annotation-config />
	
	<bean id="httpSessionListener" class="com.gunnarro.tournament.listener.HttpSessionListener"/>

	<!-- Edit 'mail.properties' to set a valid user and password for the mail sender.
    <context:property-placeholder location="classpath:/mail.properties" />
     -->
    <!-- 
    <bean id="velocityEngine" class="org.springframework.ui.velocity.VelocityEngineFactoryBean" 
          p:resourceLoaderPath="classpath:/org/springbyexample/email" 
          p:preferFileSystemAccess="false"/>
	 -->

	<bean id="cacheHandler" class="com.gunnarro.tournament.cache.CacheHandler">
		<property name="cacheManager" ref="cacheManager" />
		<property name="cacheEnabled" value="true"/>
	</bean>
	
	<!-- Definition for tournamentPlannerService bean -->
	<bean id="tournamentPlannerService" class="com.gunnarro.tournament.service.impl.TournamentPlannerServiceImpl">
		<qualifier value="tournamentPlannerService" />
	</bean>

	<!-- For spring security setup -->
	<bean id="loginAttemptService" class="com.gunnarro.tournament.service.impl.LoginAttemptService" />
	
	<bean id="customUserDetailsService" class="com.gunnarro.tournament.service.impl.CustomUserDetailsServiceImpl"/>
	
	<bean id="encoder" class="org.springframework.security.crypto.bcrypt.BCryptPasswordEncoder">
		<constructor-arg type="int" value="13" />
	</bean>
	
	<bean id="authProvider" class="org.springframework.security.authentication.dao.DaoAuthenticationProvider">
		<property name="userDetailsService" ref="customUserDetailsService" />
		<property name="passwordEncoder" ref="encoder" />
	</bean>
	
</beans>