<?xml version="1.0" encoding="UTF-8"?>

<beans xmlns="http://www.springframework.org/schema/beans" 
    xmlns:xsi="http://www.w3.org/2001/XMLSchema-instance" 
    xmlns:context="http://www.springframework.org/schema/context"
	xsi:schemaLocation="http://www.springframework.org/schema/beans
    http://www.springframework.org/schema/beans/spring-beans.xsd
    http://www.springframework.org/schema/context
    http://www.springframework.org/schema/context/spring-context.xsd">

	<context:annotation-config />
	
	<bean id="httpSessionListener" class="com.gunnarro.dietmanager.listener.HttpSessionListener"/>

	<!-- Edit 'mail.properties' to set a valid user and password for the mail sender.
    <context:property-placeholder location="classpath:/mail.properties" />
     -->
    <!-- 
    <bean id="velocityEngine" class="org.springframework.ui.velocity.VelocityEngineFactoryBean" 
          p:resourceLoaderPath="classpath:/org/springbyexample/email" 
          p:preferFileSystemAccess="false"/>
	 -->
	
	<!-- Definition for dietManager service bean -->
	<bean id="dietManagerService" class="com.gunnarro.dietmanager.service.impl.DietManagerServiceImpl">
		<qualifier value="dietManagerService" />
	</bean>
	
	<bean id="logEventService" class="com.gunnarro.dietmanager.service.impl.LogEventServiceImpl">
		<qualifier value="logEventService" />
	</bean>
	
	<bean id="userAccountService" class="com.gunnarro.useraccount.service.impl.UserAccountServiceImpl">
		<qualifier value="userAccountService" />
	</bean>
	
	<!-- For spring security setup -->
	<bean id="loginAttemptService" class="com.gunnarro.dietmanager.service.impl.LoginAttemptServiceImpl" />
	
	<bean id="localUserDetailsService" class="com.gunnarro.dietmanager.service.impl.LocalUserDetailsServiceImpl">
		<qualifier value="localUserDetailsService" />
	</bean>
	
	<bean id="socialUserDetailsService" class="com.gunnarro.dietmanager.service.impl.CustomSocialUserDetailsServiceImpl">
		<qualifier value="socialUserDetailsService" />
	</bean>
	
	<bean id="registrationUserDetailsService" class="com.gunnarro.dietmanager.service.impl.RegistrationUserDetailsServiceImpl">
		<qualifier value="registrationUserDetailsService" />
	</bean>
	
	<!-- 
	<bean id="authProvider" class="org.springframework.security.authentication.dao.DaoAuthenticationProvider">
		<property name="userDetailsService" ref="localUserDetailsService" />
		<property name="passwordEncoder" ref="encoder" />
	</bean>
	 -->
	
</beans>