<?xml version="1.0" encoding="UTF-8"?>

<beans xmlns="http://www.springframework.org/schema/beans" 
	xmlns:xsi="http://www.w3.org/2001/XMLSchema-instance" 
	xmlns:aop="http://www.springframework.org/schema/aop"
	xmlns:context="http://www.springframework.org/schema/context" 
	xmlns:jee="http://www.springframework.org/schema/jee" 
	xmlns:p="http://www.springframework.org/schema/p"
	xmlns:tx="http://www.springframework.org/schema/tx" 
	xmlns:mvc="http://www.springframework.org/schema/mvc"
	xsi:schemaLocation="http://www.springframework.org/schema/beans 
	http://www.springframework.org/schema/beans/spring-beans.xsd
	http://www.springframework.org/schema/context 
	http://www.springframework.org/schema/context/spring-context.xsd
	http://www.springframework.org/schema/jee 
	http://www.springframework.org/schema/jee/spring-jee.xsd
	http://www.springframework.org/schema/tx 
	http://www.springframework.org/schema/tx/spring-tx.xsd
	http://www.springframework.org/schema/mvc
	http://www.springframework.org/schema/mvc/spring-mvc.xsd">

	<mvc:annotation-driven />
	<context:component-scan base-package="com.gunnarro.dietmanager.domain" />
	<context:component-scan base-package="com.gunnarro.dietmanager.repository" />
	<context:component-scan base-package="com.gunnarro.dietmanager.mvc" />
	
	<!-- For reading images from disk -->
	<mvc:resources mapping="/gallery/**" location="file:/applications/apache-tomcat-9.0.0.M1/bin" />

	<!-- <bean id="entityManagerFactory" class="org.springframework.orm.jpa.LocalContainerEntityManagerFactoryBean"> <property name="jpaVendorAdapter"> <bean class="org.springframework.orm.jpa.vendor.HibernateJpaVendorAdapter" 
		/> </property> <property name="persistenceXmlLocation" value="classpath*:META-INF/test-persistence.xml" /> <property name="dataSource" ref="dataSource" /> </bean> 
		<bean id="sharedEntityManager" class="org.springframework.orm.jpa.support.SharedEntityManagerBean"> <property name="entityManagerFactory" ref="entityManagerFactory" 
		/> </bean> <bean id="transactionManager" class="org.springframework.orm.jpa.JpaTransactionManager"> <property name="entityManagerFactory" ref="entityManagerFactory" 
		/> </bean> <jdbc:embedded-database id="dataSource" type="H2" /> -->
</beans>