<?xml version="1.0" encoding="UTF-8"?>
<beans xmlns="http://www.springframework.org/schema/beans"
	xmlns:xsi="http://www.w3.org/2001/XMLSchema-instance" 
	xmlns:security="http://www.springframework.org/schema/security"
	xsi:schemaLocation="http://www.springframework.org/schema/beans
                           http://www.springframework.org/schema/beans/spring-beans.xsd
                           http://www.springframework.org/schema/security
                           http://www.springframework.org/schema/security/spring-security.xsd">


	<security:global-method-security pre-post-annotations="enabled"/>

 	<!-- use custom provider, pick one only -->
	<security:authentication-manager>
		<security:authentication-provider user-service-ref="localUserDetailsService" /> 
		<!--  <security:authentication-provider ref="customAuthenticationProvider"/> -->
		<!--  <security:authentication-provider ref="authProvider"/> -->
	</security:authentication-manager>
 
	
</beans>