<?xml version="1.0" encoding="UTF-8"?>

<beans xmlns="http://www.springframework.org/schema/beans"
	xmlns:xsi="http://www.w3.org/2001/XMLSchema-instance" 
	xmlns:context="http://www.springframework.org/schema/context"
	xmlns:tx="http://www.springframework.org/schema/tx" 
	xmlns:aop="http://www.springframework.org/schema/aop"
	xmlns:jdbc="http://www.springframework.org/schema/jdbc" 
	xsi:schemaLocation="http://www.springframework.org/schema/beans
    http://www.springframework.org/schema/beans/spring-beans.xsd
    http://www.springframework.org/schema/context
    http://www.springframework.org/schema/context/spring-context.xsd
    http://www.springframework.org/schema/tx 
    http://www.springframework.org/schema/tx/spring-tx.xsd
    http://www.springframework.org/schema/aop 
    http://www.springframework.org/schema/aop/spring-aop.xsd
    http://www.springframework.org/schema/jdbc 
    http://www.springframework.org/schema/jdbc/spring-jdbc.xsd">

	<bean id="calendarDataSource_junit" class="org.springframework.jdbc.datasource.DriverManagerDataSource">
		<property name="driverClassName" value="org.h2.Driver" />
		<property name="url" value="jdbc:h2:mem:calendar_unit_test;MODE=MySQL;DB_CLOSE_DELAY=-1;DB_CLOSE_ON_EXIT=FALSE;IGNORECASE=TRUE" />
		<property name="username" value="SA" />
		<property name="password" value="" />
	</bean>

	<bean id="calendarDataSource_local" class="org.springframework.jdbc.datasource.DriverManagerDataSource">
		<property name="driverClassName" value="com.mysql.jdbc.Driver" />
		<property name="url" value="jdbc:mysql://localhost:3306/calendar" />
		<property name="username" value="unittest" />
		<property name="password" value="test1234" />
	</bean>

	<bean id="calendarDataSource" class="org.springframework.jdbc.datasource.DriverManagerDataSource">
		<property name="driverClassName" value="com.mysql.jdbc.Driver" />
		<property name="url" value="jdbc:mysql://127.9.127.2:3306/calendar_unit_test" />
		<property name="username" value="unittest" />
		<property name="password" value="test1234" />
	</bean>

	<!-- JDBC Template bean definition -->
	<bean id="calendarJdbcTemplate" class="org.springframework.jdbc.core.JdbcTemplate">
		<property name="dataSource" ref="calendarDataSource_junit" />
	</bean>

	<!-- Calendar JDBC Repository bean definition -->
	<bean id="calendarRepository" class="com.gunnarro.calendar.repository.impl.CalendarRepositoryImpl">
		<qualifier value="calendarRepository" />
		<constructor-arg ref="calendarJdbcTemplate" />
	</bean>

	<bean id="transactionManager" class="org.springframework.jdbc.datasource.DataSourceTransactionManager">
		<property name="dataSource" ref="calendarDataSource_junit" />
	</bean>

	<tx:annotation-driven transaction-manager="transactionManager" />

	<jdbc:initialize-database data-source="calendarDataSource_junit">
		<jdbc:script location="classpath:database/calendar-1.0-SNAPSHOT-mysql-table.sql" />
	 	<jdbc:script location="classpath:database/calendar-1.0-SNAPSHOT-mysql-data.sql" />
	</jdbc:initialize-database>
</beans>